=== Request Result ===
Original URL: https://abouthealthtransparency.org/category/canada/
Redirect Chain URLS: (1 steps):
  1. https://abouthealthtransparency.org/category/canada/ [Status: 503]
Final Status: 503


=== Request Result ===
Original URL: http://soltustikkaz.kz/index.php/sport
Redirect Chain URLS: (1 steps):
  1. http://soltustikkaz.kz/index.php/sport [Status: 404]
Final Status: 404


=== Request Result ===
Original URL: https://spik.kz/issledovaniya
Redirect Chain URLS: (1 steps):
  1. https://spik.kz/issledovaniya [Status: 404]
Final Status: 404


=== Request Result ===
Original URL: http://talks.su/chapters/criminal/
Redirect Chain URLS: (1 steps):
  1. http://talks.su/chapters/criminal/ [Status: 403]
Final Status: 403


=== Request Result ===
Original URL: https://aqmolanews.kz/ru/category/eksklyuziv/
Redirect Chain URLS: (1 steps):
  1. https://aqmolanews.kz/ru/category/eksklyuziv/ [Status: 404]
Final Status: 404


=== Request Result ===
Original URL: http://asylsoz.kz/kk/
No redirects
Status Code: -1
Error: IO Error: timeout


=== Request Result ===
Original URL: https://atyrauaqparat.kz/category/%D2%9B%D2%B1%D2%9B%D1%8B%D2%9B/
Redirect Chain URLS: (1 steps):
  1. https://atyrauaqparat.kz/category/%D2%9B%D2%B1%D2%9B%D1%8B%D2%9B/ [Status: 404]
Final Status: 404


=== Request Result ===
Original URL: http://avtoradio.kz/programms/persona-contra/
Redirect Chain URLS: (1 steps):
  1. http://avtoradio.kz/programms/persona-contra/ [Status: 404]
Final Status: 404


=== Request Result ===
Original URL: http://gazetavesti.kz/index.php/component/k2/itemlist/category/7-%D0%B7%D0%B0%D0%BA%D0%BE%D0%BD-%D0%B8-%D0%BF%D0%BE%D1%80%D1%8F%D0%B4%D0%BE%D0%BA
Redirect Chain URLS: (1 steps):
  1. http://gazetavesti.kz/index.php/component/k2/itemlist/category/7-%D0%B7%D0%B0%D0%BA%D0%BE%D0%BD-%D0%B8-%D0%BF%D0%BE%D1%80%D1%8F%D0%B4%D0%BE%D0%BA [Status: 404]
Final Status: 404


=== Request Result ===
Original URL: https://gharysh.kz/news/
Redirect Chain URLS: (1 steps):
  1. https://gharysh.kz/news/ [Status: 404]
Final Status: 404


=== Request Result ===
Original URL: https://www.greenqazaqstan.kz/category/news/
No redirects
Status Code: -1
Error: IO Error: Read timed out


=== Request Result ===
Original URL: http://iap.kz/kz/news-kz?start=8
Redirect Chain URLS: (1 steps):
  1. http://iap.kz/kz/news-kz?start=8 [Status: 404]
Final Status: 404


=== Request Result ===
Original URL: http://www.adilsoz.kz/politcor/index
Redirect Chain URLS: (1 steps):
  1. http://www.adilsoz.kz/politcor/index [Status: 404]
Final Status: 404


=== Request Result ===
Original URL: https://kaztag.kz/kz/expert-opinion/
Redirect Chain URLS: (1 steps):
  1. https://kaztag.kz/kz/expert-opinion/ [Status: 200]
Final Status: 200


=== Request Result ===
Original URL: http://kerek-info.kz/kazakhstan/
Redirect Chain URLS: (1 steps):
  1. http://kerek-info.kz/kazakhstan/ [Status: 404]
Final Status: 404


=== Request Result ===
Original URL: http://kolesa.kz/content/articles/pdd-articles/
Redirect Chain URLS: (1 steps):
  1. http://kolesa.kz/content/articles/pdd-articles/ [Status: 404]
Final Status: 404


=== Request Result ===
Original URL: http://kostanai.kz/articles.php
Redirect Chain URLS: (1 steps):
  1. http://kostanai.kz/articles.php [Status: 404]
Final Status: 404


